app/build/intermediates/manifest_merge_blame_file/debug/manifest-merger-blame-debug-report.txt
1<?xml version="1.0" encoding="utf-8"?>
2<manifest xmlns:android="http://schemas.android.com/apk/res/android"
3    package="edu.up.cs301.game"
4    android:versionCode="1"
5    android:versionName="1.0" >
6
7    <uses-sdk
8        android:minSdkVersion="21"
8-->src\main\AndroidManifest.xml
9        android:targetSdkVersion="28" />
9-->src\main\AndroidManifest.xml
10
11    <uses-permission android:name="android.permission.INTERNET" />
11-->src\main\AndroidManifest.xml:6:5-67
11-->src\main\AndroidManifest.xml:6:22-64
12    <uses-permission android:name="android.permission.ACCESS_NETWORK_STATE" />
12-->src\main\AndroidManifest.xml:7:5-79
12-->src\main\AndroidManifest.xml:7:22-76
13
14    <application
14-->src\main\AndroidManifest.xml:9:5-22:19
15        android:appComponentFactory="androidx.core.app.CoreComponentFactory"
15-->[androidx.core:core:1.0.0] AndroidManifest.xml:22:18-86
16        android:debuggable="true"
17        android:icon="@drawable/ic_launcher"
17-->src\main\AndroidManifest.xml:10:9-45
18        android:label="@string/app_name"
18-->src\main\AndroidManifest.xml:11:9-41
19        android:testOnly="true"
20        android:theme="@style/AppTheme" >
20-->src\main\AndroidManifest.xml:12:9-40
21        <activity
21-->src\main\AndroidManifest.xml:14:9-20:20
22            android:name="edu.up.cs301.game.cheatymages.CMMainActivity"
22-->src\main\AndroidManifest.xml:14:19-78
23            android:configChanges="keyboard|keyboardHidden|orientation|screenSize" >
23-->src\main\AndroidManifest.xml:15:13-83
24            <intent-filter>
24-->src\main\AndroidManifest.xml:16:13-19:29
25                <action android:name="android.intent.action.MAIN" />
25-->src\main\AndroidManifest.xml:17:17-69
25-->src\main\AndroidManifest.xml:17:25-66
26
27                <category android:name="android.intent.category.LAUNCHER" />
27-->src\main\AndroidManifest.xml:18:17-77
27-->src\main\AndroidManifest.xml:18:27-74
28            </intent-filter>
29        </activity>
30    </application>
31
32</manifest>